ZenboSDK/ZenboGoToLocation/build/intermediates/manifest_merge_blame_file/debug/manifest-merger-blame-debug-report.txt
1<?xml version="1.0" encoding="utf-8"?>
2<manifest xmlns:android="http://schemas.android.com/apk/res/android"
3    package="com.asus.zenbogotolocation"
4    android:versionCode="1"
5    android:versionName="1.0" >
6
7    <uses-sdk
8        android:minSdkVersion="23"
8-->src\main\AndroidManifest.xml
9        android:targetSdkVersion="26" />
9-->src\main\AndroidManifest.xml
10
11    <!-- require READ_CONTACTS permissions to get room info -->
12    <uses-permission android:name="android.permission.READ_CONTACTS" />
12-->src\main\AndroidManifest.xml:6:5-72
12-->src\main\AndroidManifest.xml:6:22-69
13
14    <application
14-->src\main\AndroidManifest.xml:9:5-27:19
15        android:allowBackup="true"
15-->src\main\AndroidManifest.xml:9:18-44
16        android:debuggable="true"
17        android:extractNativeLibs="false"
18        android:icon="@mipmap/ic_launcher"
18-->src\main\AndroidManifest.xml:10:9-43
19        android:label="@string/app_name"
19-->src\main\AndroidManifest.xml:11:9-41
20        android:supportsRtl="true"
20-->src\main\AndroidManifest.xml:12:9-35
21        android:testOnly="true"
22        android:theme="@style/RobotDevTheme" >
22-->src\main\AndroidManifest.xml:13:9-45
23        <activity android:name="com.asus.zenbogotolocation.MainActivity" >
23-->src\main\AndroidManifest.xml:15:9-25:20
23-->src\main\AndroidManifest.xml:15:19-47
24            <intent-filter>
24-->src\main\AndroidManifest.xml:16:13-24:29
25                <action android:name="android.intent.action.MAIN" />
25-->src\main\AndroidManifest.xml:17:17-69
25-->src\main\AndroidManifest.xml:17:25-66
26
27                <category android:name="com.asus.intent.category.ZENBO" />
27-->src\main\AndroidManifest.xml:18:17-75
27-->src\main\AndroidManifest.xml:18:27-72
28                <category android:name="com.asus.intent.category.ZENBO_LAUNCHER" />
28-->src\main\AndroidManifest.xml:19:17-84
28-->src\main\AndroidManifest.xml:19:27-81
29
30                <!-- please comment out the following line when you want to launch to Zenbo App Store -->
31                <!-- See Zenbo Developer Web: Zenbo-SDK-Getting-Started: Important notes on Zenbo APP developing -->
32                <category android:name="android.intent.category.LAUNCHER" />
32-->src\main\AndroidManifest.xml:23:17-77
32-->src\main\AndroidManifest.xml:23:27-74
33            </intent-filter>
34        </activity>
35
36        <meta-data
36-->[com.android.support:appcompat-v7:26.1.0] AndroidManifest.xml:26:9-28:38
37            android:name="android.support.VERSION"
37-->[com.android.support:appcompat-v7:26.1.0] AndroidManifest.xml:27:13-51
38            android:value="26.1.0" />
38-->[com.android.support:appcompat-v7:26.1.0] AndroidManifest.xml:28:13-35
39        <meta-data
39-->[android.arch.lifecycle:runtime:1.0.0] AndroidManifest.xml:25:9-27:47
40            android:name="android.arch.lifecycle.VERSION"
40-->[android.arch.lifecycle:runtime:1.0.0] AndroidManifest.xml:26:13-58
41            android:value="27.0.0-SNAPSHOT" />
41-->[android.arch.lifecycle:runtime:1.0.0] AndroidManifest.xml:27:13-44
42    </application>
43
44</manifest>